<html>
<body>
<pre>
<h1>µVision Build Log</h1>
<h2>Tool Versions:</h2>
IDE-Version: ¦ÌVision V5.36.0.0
Copyright (C) 2021 ARM Ltd and ARM Germany GmbH. All rights reserved.
License Information:  ,  , LIC=HN0AE-5CQSF-EVN1R-K4XY7-Y7SGY-0IRVG
 
Tool Versions:
Toolchain:       MDK-ARM Plus  Version: 5.36.0.0
Toolchain Path:  C:\Keil_v5\ARM\ARMCC\Bin
C Compiler:      Armcc.exe V5.06 update 7 (build 960)
Assembler:       Armasm.exe V5.06 update 7 (build 960)
Linker/Locator:  ArmLink.exe V5.06 update 7 (build 960)
Library Manager: ArmAr.exe V5.06 update 7 (build 960)
Hex Converter:   FromElf.exe V5.06 update 7 (build 960)
CPU DLL:         SARMCM3.DLL V5.36.0.0
Dialog DLL:      DCM.DLL V1.17.3.0
Target DLL:      CMSIS_AGDI.dll V1.33.0.0
Dialog DLL:      TCM.DLL V1.53.0.0
 
<h2>Project:</h2>
D:\Projects\STM-FOC\BLDCM\Project\STAN-103.uvprojx
Project File Date:  09/10/2022

<h2>Output:</h2>
*** Using Compiler 'V5.06 update 7 (build 960)', folder: 'C:\Keil_v5\ARM\ARMCC\Bin'
Build target 'USART'
compiling bsp_usart.c...
..\User\USART\bsp_usart.c(21): error:  #20: identifier "DEBUG_USART" is undefined
    UartHandle.Instance          = DEBUG_USART;
..\User\USART\bsp_usart.c: 0 warnings, 1 error
compiling bsp_bldcm_control.c...
..\User\BLDCM\bsp_bldcm_control.c(34): warning:  #223-D: function "TIMx_Configuration" declared implicitly
    TIMx_Configuration();    // ç”µæœºæŽ§åˆ¶å®šæ—¶å™¨ï¼Œå¼•è„šåˆå§‹åŒ?
..\User\BLDCM\bsp_bldcm_control.c(35): warning:  #223-D: function "hall_tim_config" declared implicitly
    hall_tim_config();       // éœå°”ä¼ æ„Ÿå™¨åˆå§‹åŒ–
..\User\BLDCM\bsp_bldcm_control.c(60): warning:  #223-D: function "set_pwm_pulse" declared implicitly
    set_pwm_pulse(v);    
..\User\BLDCM\bsp_bldcm_control.c(86): warning:  #223-D: function "hall_enable" declared implicitly
    hall_enable();
..\User\BLDCM\bsp_bldcm_control.c(94): warning:  #223-D: function "hall_disable" declared implicitly
      hall_disable();
..\User\BLDCM\bsp_bldcm_control.c(96): warning:  #223-D: function "stop_pwm_output" declared implicitly
      stop_pwm_output();
..\User\BLDCM\bsp_bldcm_control.c(112): warning:  #870-D: invalid multibyte character sequence
      printf("è¾“å…¥å‘½ä»¤(ä»¥å›žè½¦ç»“æ?)ï¼š\n\r");
..\User\BLDCM\bsp_bldcm_control.c(114): warning:  #870-D: invalid multibyte character sequence
      printf("v [data]     -è®¾ç½®ç”µæœºçš„é€Ÿåº¦ï¼ˆèŒƒå›´ï¼š0â€?%dï¼‰\n\r", PWM_PERIOD_COUNT);
..\User\BLDCM\bsp_bldcm_control.c(114): error:  #20: identifier "PWM_PERIOD_COUNT" is undefined
      printf("v [data]     -è®¾ç½®ç”µæœºçš„é€Ÿåº¦ï¼ˆèŒƒå›´ï¼š0â€?%dï¼‰\n\r", PWM_PERIOD_COUNT);
..\User\BLDCM\bsp_bldcm_control.c(147): error:  #20: identifier "PWM_PERIOD_COUNT" is undefined
            if(speed_temp>=0 && speed_temp <= PWM_PERIOD_COUNT)
..\User\BLDCM\bsp_bldcm_control.c(165): warning:  #188-D: enumerated type mixed with another type
              set_bldcm_direction(dec_temp);
..\User\BLDCM\bsp_bldcm_control.c(166): warning:  #870-D: invalid multibyte character sequence
              printf("\n\ræ–¹å‘:%s\n\r", dec_temp ? "åå‘è½?" : "æ­£å‘è½?");
..\User\BLDCM\bsp_bldcm_control.c(166): error:  #53: expected a ":"
              printf("\n\ræ–¹å‘:%s\n\r", dec_temp ? "åå‘è½?" : "æ­£å‘è½?");
..\User\BLDCM\bsp_bldcm_control.c(166): error:  #7: unrecognized token
              printf("\n\ræ–¹å‘:%s\n\r", dec_temp ? "åå‘è½?" : "æ­£å‘è½?");
..\User\BLDCM\bsp_bldcm_control.c(166): error:  #8: missing closing quote
              printf("\n\ræ–¹å‘:%s\n\r", dec_temp ? "åå‘è½?" : "æ­£å‘è½?");
..\User\BLDCM\bsp_bldcm_control.c(167): error:  #18: expected a ")"
              okCmd = 1;
..\User\BLDCM\bsp_bldcm_control.c: 10 warnings, 6 errors
compiling bsp_motor_tim.c...
..\User\TIM\bsp_motor_tim.c(117): warning:  #223-D: function "HAL_TIMEx_ConfigCommutationEvent" declared implicitly
     HAL_TIMEx_ConfigCommutationEvent(&htimx_bldcm, TIM_COM_TS_ITRx, TIM_COMMUTATION_SOFTWARE);
..\User\TIM\bsp_motor_tim.c(300): warning:  #223-D: function "get_bldcm_direction" declared implicitly
  	if(get_bldcm_direction() == MOTOR_FWD)
..\User\TIM\bsp_motor_tim.c(300): error:  #20: identifier "MOTOR_FWD" is undefined
  	if(get_bldcm_direction() == MOTOR_FWD)
..\User\TIM\bsp_motor_tim.c: 2 warnings, 1 error
compiling main.c...
..\User\main.c(99): warning:  #1-D: last line of file ends without a newline
  }
..\User\main.c: 1 warning, 0 errors
".\Objects\USART.axf" - 8 Error(s), 13 Warning(s).

<h2>Software Packages used:</h2>

Package Vendor: Keil
                http://www.keil.com/pack/Keil.STM32F1xx_DFP.2.3.0.pack
                Keil.STM32F1xx_DFP.2.3.0
                STMicroelectronics STM32F1 Series Device Support, Drivers and Examples

<h2>Collection of Component include folders:</h2>
  C:\Keil_v5\ARM\PACK\Keil\STM32F1xx_DFP\2.3.0\Device\Include

<h2>Collection of Component Files used:</h2>
Target not created.
Build Time Elapsed:  00:00:04
</pre>
</body>
</html>
